<?xml version="1.0" encoding="UTF-8"?>
<!-- Generated by org.testng.reporters.JUnitReportReporter -->
<testsuite hostname="DESKTOP-PKQBL6K" failures="0" tests="1" name="testing.TestingUser" time="1.287" errors="0" timestamp="2025-02-25T01:07:44 IST" skipped="0">
  <testcase classname="testing.TestingUser" name="loginaccount" time="1.287"/>
</testsuite> <!-- testing.TestingUser -->
