<?xml version="1.0" encoding="UTF-8"?>
<!-- Generated by org.testng.reporters.JUnitReportReporter -->
<testsuite hostname="DESKTOP-PKQBL6K" failures="0" tests="1" name="testing.ListenersDemoCode" time="0.009" errors="0" timestamp="2025-02-25T01:09:15 IST" skipped="0">
  <testcase classname="testing.ListenersDemoCode" name="test" time="0.009"/>
</testsuite> <!-- testing.ListenersDemoCode -->
