<?xml version="1.0" encoding="UTF-8"?>
<!-- Generated by org.testng.reporters.JUnitReportReporter -->
<testsuite hostname="DESKTOP-PKQBL6K" failures="0" tests="1" name="runners.TestRunner" time="0.021" errors="0" timestamp="2025-02-26T00:31:35 IST" skipped="0">
  <testcase classname="runners.TestRunner" name="testrun" time="0.021"/>
</testsuite> <!-- runners.TestRunner -->
